{"environment":"development","executionId":"dashboard_cleanup_001","level":"info","message":"Executando ação do agente...","service":"governance-10.1","timestamp":"2026-03-23T23:40:54.650Z"}
{"environment":"development","executionId":"dashboard_cleanup_001","files":["backend/.env","frontend/app.js","frontend/dashboard.html","frontend/pages/home.html","node_modules/.package-lock.json","package-lock.json","package.json"],"level":"info","message":"Arquivos alterados detectados: 7","service":"governance-10.1","timestamp":"2026-03-23T23:40:54.774Z"}
{"environment":"development","executionId":"dashboard_cleanup_001","level":"error","message":"VIOLAÇÃO DE ESCOPO","reason":"Tentativa de editar arquivos fora do escopo: backend/.env, frontend/app.js, node_modules/.package-lock.json, package-lock.json, package.json","service":"governance-10.1","timestamp":"2026-03-23T23:40:54.775Z"}
{"environment":"development","executionId":"dashboard_cleanup_001","level":"info","message":"Executando ação do agente...","service":"governance-10.1","timestamp":"2026-03-23T23:41:23.739Z"}
{"environment":"development","executionId":"dashboard_cleanup_001","files":["backend/.env","frontend/app.js","frontend/dashboard.html","frontend/pages/home.html","node_modules/.package-lock.json","package-lock.json","package.json"],"level":"info","message":"Arquivos alterados detectados: 7","service":"governance-10.1","timestamp":"2026-03-23T23:41:23.853Z"}
{"environment":"development","executionId":"dashboard_cleanup_001","level":"error","message":"VIOLAÇÃO DE ESCOPO","reason":"Tentativa de editar arquivos fora do escopo: node_modules/.package-lock.json","service":"governance-10.1","timestamp":"2026-03-23T23:41:23.853Z"}
{"environment":"development","executionId":"dashboard_cleanup_001","level":"info","message":"Executando ação do agente...","service":"governance-10.1","timestamp":"2026-03-23T23:41:49.990Z"}
{"environment":"development","executionId":"dashboard_cleanup_001","files":["backend/.env","frontend/app.js","frontend/dashboard.html","frontend/pages/home.html","node_modules/.package-lock.json","package-lock.json","package.json"],"level":"info","message":"Arquivos alterados detectados: 7","service":"governance-10.1","timestamp":"2026-03-23T23:41:50.093Z"}
{"environment":"development","executionId":"dashboard_cleanup_001","level":"info","message":"Analisando impacto semântico das mudanças...","service":"governance-10.1","timestamp":"2026-03-23T23:41:50.094Z"}
{"environment":"development","executionId":"dashboard_cleanup_001","level":"error","message":"VIOLAÇÃO DE REGRA SEMÂNTICA","reason":"Mudança de alto risco (API) detectada em node_modules/.package-lock.json (Escopo: UI_ONLY)","service":"governance-10.1","timestamp":"2026-03-23T23:41:50.542Z"}
{"environment":"development","executionId":"dashboard_cleanup_001","level":"info","message":"Executando ação do agente...","service":"governance-10.1","timestamp":"2026-03-23T23:54:41.941Z"}
{"environment":"development","executionId":"dashboard_cleanup_001","files":["backend/.env","frontend/app.js","frontend/dashboard.html","frontend/pages/home.html","node_modules/.package-lock.json","package-lock.json","package.json"],"level":"info","message":"Arquivos alterados detectados: 7","service":"governance-10.1","timestamp":"2026-03-23T23:54:42.042Z"}
{"environment":"development","executionId":"dashboard_cleanup_001","level":"info","message":"Analisando impacto semântico das mudanças...","service":"governance-10.1","timestamp":"2026-03-23T23:54:42.043Z"}
{"environment":"development","executionId":"dashboard_cleanup_001","level":"error","message":"VIOLAÇÃO DE REGRA SEMÂNTICA","reason":"Mudança de alto risco (API) detectada em node_modules/.package-lock.json (Escopo: UI_ONLY)","service":"governance-10.1","timestamp":"2026-03-23T23:54:42.551Z"}
{"environment":"development","executionId":"dashboard_cleanup_001","level":"info","message":"Executando ação do agente...","service":"governance-10.1","timestamp":"2026-03-23T23:55:01.186Z"}
{"environment":"development","executionId":"dashboard_cleanup_001","files":["backend/.env","frontend/app.js","frontend/dashboard.html","frontend/pages/home.html","node_modules/.package-lock.json","package-lock.json","package.json"],"level":"info","message":"Arquivos alterados detectados: 7","service":"governance-10.1","timestamp":"2026-03-23T23:55:01.298Z"}
{"environment":"development","executionId":"dashboard_cleanup_001","level":"info","message":"Analisando impacto semântico das mudanças...","service":"governance-10.1","timestamp":"2026-03-23T23:55:01.299Z"}
{"environment":"development","executionId":"dashboard_cleanup_001","level":"info","message":"Iniciando Pipeline de Testes Automáticos no /draft...","service":"governance-10.1","timestamp":"2026-03-23T23:55:01.753Z"}
{"environment":"development","executionId":"dashboard_cleanup_001","level":"error","message":"FALHA NOS TESTES","reason":"Erro de conexão: Request failed with status code 404","service":"governance-10.1","timestamp":"2026-03-23T23:55:01.798Z"}
{"environment":"development","executionId":"dashboard_cleanup_001","level":"info","message":"Executando ação do agente...","service":"governance-10.1","timestamp":"2026-03-23T23:55:23.069Z"}
{"environment":"development","executionId":"dashboard_cleanup_001","files":["backend/.env","frontend/app.js","frontend/dashboard.html","frontend/pages/home.html","node_modules/.package-lock.json","package-lock.json","package.json"],"level":"info","message":"Arquivos alterados detectados: 7","service":"governance-10.1","timestamp":"2026-03-23T23:55:23.164Z"}
{"environment":"development","executionId":"dashboard_cleanup_001","level":"info","message":"Analisando impacto semântico das mudanças...","service":"governance-10.1","timestamp":"2026-03-23T23:55:23.165Z"}
{"environment":"development","executionId":"dashboard_cleanup_001","level":"info","message":"Iniciando Pipeline de Testes Automáticos no /draft...","service":"governance-10.1","timestamp":"2026-03-23T23:55:23.609Z"}
{"environment":"development","executionId":"dashboard_cleanup_001","level":"error","message":"FALHA NOS TESTES","reason":"Falha na validação de esquema AJV","service":"governance-10.1","timestamp":"2026-03-23T23:55:23.671Z"}
{"environment":"development","executionId":"dashboard_cleanup_001","level":"info","message":"Executando ação do agente...","service":"governance-10.1","timestamp":"2026-03-23T23:55:50.058Z"}
{"environment":"development","executionId":"dashboard_cleanup_001","files":["backend/.env","frontend/app.js","frontend/dashboard.html","frontend/pages/home.html","node_modules/.package-lock.json","package-lock.json","package.json"],"level":"info","message":"Arquivos alterados detectados: 7","service":"governance-10.1","timestamp":"2026-03-23T23:55:50.163Z"}
{"environment":"development","executionId":"dashboard_cleanup_001","level":"info","message":"Analisando impacto semântico das mudanças...","service":"governance-10.1","timestamp":"2026-03-23T23:55:50.163Z"}
{"environment":"development","executionId":"dashboard_cleanup_001","level":"info","message":"Iniciando Pipeline de Testes Automáticos no /draft...","service":"governance-10.1","timestamp":"2026-03-23T23:55:50.622Z"}
{"environment":"development","executionId":"dashboard_cleanup_001","level":"info","message":"Iniciando promoção transacional para /prod...","service":"governance-10.1","timestamp":"2026-03-23T23:55:50.680Z"}
{"environment":"development","executionId":"dashboard_cleanup_001","hash":"6a1c2d3540e371fe0dcfb4393a4596efa65f5881c288e1e503956f54d722e96a","level":"info","message":"✅ Governança e Promoção concluídas com sucesso!","service":"governance-10.1","timestamp":"2026-03-23T23:55:50.770Z"}
