{"environment":"development","executionId":"dashboard_cleanup_001","level":"error","message":"VIOLAÇÃO DE ESCOPO","reason":"Tentativa de editar arquivos fora do escopo: backend/.env, frontend/app.js, node_modules/.package-lock.json, package-lock.json, package.json","service":"governance-10.1","timestamp":"2026-03-23T23:40:54.775Z"}
{"environment":"development","executionId":"dashboard_cleanup_001","level":"error","message":"VIOLAÇÃO DE ESCOPO","reason":"Tentativa de editar arquivos fora do escopo: node_modules/.package-lock.json","service":"governance-10.1","timestamp":"2026-03-23T23:41:23.853Z"}
{"environment":"development","executionId":"dashboard_cleanup_001","level":"error","message":"VIOLAÇÃO DE REGRA SEMÂNTICA","reason":"Mudança de alto risco (API) detectada em node_modules/.package-lock.json (Escopo: UI_ONLY)","service":"governance-10.1","timestamp":"2026-03-23T23:41:50.542Z"}
{"environment":"development","executionId":"dashboard_cleanup_001","level":"error","message":"VIOLAÇÃO DE REGRA SEMÂNTICA","reason":"Mudança de alto risco (API) detectada em node_modules/.package-lock.json (Escopo: UI_ONLY)","service":"governance-10.1","timestamp":"2026-03-23T23:54:42.551Z"}
{"environment":"development","executionId":"dashboard_cleanup_001","level":"error","message":"FALHA NOS TESTES","reason":"Erro de conexão: Request failed with status code 404","service":"governance-10.1","timestamp":"2026-03-23T23:55:01.798Z"}
{"environment":"development","executionId":"dashboard_cleanup_001","level":"error","message":"FALHA NOS TESTES","reason":"Falha na validação de esquema AJV","service":"governance-10.1","timestamp":"2026-03-23T23:55:23.671Z"}
{"environment":"development","executionId":"header_layout_adjustment_002","level":"error","message":"VIOLAÇÃO DE ESCOPO","reason":"Tentativa de editar arquivos fora do escopo: TASK_MANIFEST.json","service":"governance-10.1","timestamp":"2026-03-24T00:29:47.311Z"}
{"environment":"development","executionId":"header_layout_adjustment_002","level":"error","message":"VIOLAÇÃO DE ESCOPO","reason":"Tentativa de editar arquivos fora do escopo: backend/src/governance/logs/governance-error.log, backend/src/governance/logs/governance.log","service":"governance-10.1","timestamp":"2026-03-24T00:30:07.003Z"}
{"environment":"development","executionId":"header_layout_adjustment_002","level":"error","message":"VIOLAÇÃO DE ESCOPO","reason":"Tentativa de editar arquivos fora do escopo: backend/src/governance/agent-controller.js","service":"governance-10.1","timestamp":"2026-03-24T00:30:39.681Z"}
{"environment":"development","executionId":"header_layout_refinement_003","level":"error","message":"VIOLAÇÃO DE ESCOPO","reason":"Tentativa de editar arquivos fora do escopo: backend/src/governance/agent-controller.js","service":"governance-10.1","timestamp":"2026-03-24T00:32:41.071Z"}
{"environment":"development","executionId":"admin_badge_fix_005","level":"error","message":"VIOLAÇÃO DE ESCOPO","reason":"Tentativa de editar arquivos fora do escopo: backend/src/governance/agent-controller.js, backend/src/governance/main.js, backend/src/governance/promote.js, backend/src/governance/utils/logger.js","service":"TICO","timestamp":"2026-03-24T00:46:08.179Z"}
{"environment":"development","executionId":"email_resize_006","level":"error","message":"VIOLAÇÃO DE ESCOPO","reason":"Tentativa de editar arquivos fora do escopo: backend/src/governance/agent-controller.js, backend/src/governance/main.js, backend/src/governance/promote.js, backend/src/governance/utils/logger.js, frontend/app.js","service":"TICO","timestamp":"2026-03-24T00:48:41.785Z"}
{"environment":"development","executionId":"xp_bar_resize_007","level":"error","message":"VIOLAÇÃO DE ESCOPO","reason":"Tentativa de editar arquivos fora do escopo: backend/src/governance/agent-controller.js, backend/src/governance/main.js, backend/src/governance/promote.js, backend/src/governance/utils/logger.js, frontend/app.js","service":"TICO","timestamp":"2026-03-24T00:51:08.947Z"}
{"environment":"development","executionId":"home_rebuild_008","level":"error","message":"VIOLAÇÃO DE ESCOPO","reason":"Tentativa de editar arquivos fora do escopo: frontend/dashboard.html","service":"TICO","timestamp":"2026-03-24T01:00:18.615Z"}
{"environment":"development","executionId":"ui_narrowing_010","level":"error","message":"VIOLAÇÃO DE ESCOPO","reason":"Tentativa de editar arquivos fora do escopo: frontend/app.js, frontend/dashboard.html, frontend/js/modules/home/home.controller.js, frontend/js/modules/home/home.view.js","service":"TICO","timestamp":"2026-03-24T01:08:06.644Z"}
{"environment":"development","executionId":"global_alignment_sync_012","level":"error","message":"VIOLAÇÃO DE ESCOPO","reason":"Tentativa de editar arquivos fora do escopo: frontend/app.js, frontend/js/modules/home/home.controller.js, frontend/js/modules/home/home.view.js","service":"TICO","timestamp":"2026-03-24T01:15:49.014Z"}
{"environment":"development","executionId":"rendering_fix_013","level":"error","message":"VIOLAÇÃO DE ESCOPO","reason":"Tentativa de editar arquivos fora do escopo: frontend/app.js, frontend/js/modules/home/home.controller.js, frontend/js/modules/home/home.view.js, frontend/pages/home.html","service":"TICO","timestamp":"2026-03-24T01:19:41.498Z"}
{"environment":"development","executionId":"header_scaling_014","level":"error","message":"VIOLAÇÃO DE ESCOPO","reason":"Tentativa de editar arquivos fora do escopo: frontend/app.js, frontend/js/modules/home/home.controller.js, frontend/js/modules/home/home.view.js, frontend/pages/home.html","service":"TICO","timestamp":"2026-03-24T01:24:26.175Z"}
{"environment":"development","executionId":"sim-safety-fail-98","level":"error","message":"[BOLT:SYSTEM] trace","service":"TICO","timestamp":"2026-03-26T21:12:23.340Z"}
{"environment":"development","executionId":"system","level":"error","message":"[BOLT:SYSTEM] [BOLT:FAIL] d209893c-28b1-4663-b6a5-fef9d447fed9","phase":"ERROR","reason":"Error logged via generic interface.","service":"TICO","summary":"[BOLT:FAIL] d209893c-28b1-4663-b6a5-fef9d447fed9","timestamp":"2026-03-26T22:22:46.202Z"}
{"environment":"development","executionId":"system","level":"error","message":"[BOLT:SYSTEM] [BOLT:FAIL] 973bb349-6d8f-40c8-bfbc-1aa92ed23b44","phase":"ERROR","reason":"Error logged via generic interface.","service":"TICO","summary":"[BOLT:FAIL] 973bb349-6d8f-40c8-bfbc-1aa92ed23b44","timestamp":"2026-03-26T22:24:26.874Z"}
{"environment":"development","executionId":"system","level":"error","message":"[BOLT:SYSTEM] [BOLT:FAIL] 033c6e27-b737-4a55-9ce9-090854ee241f","phase":"ERROR","reason":"Error logged via generic interface.","service":"TICO","summary":"[BOLT:FAIL] 033c6e27-b737-4a55-9ce9-090854ee241f","timestamp":"2026-03-26T22:25:07.506Z"}
{"environment":"development","executionId":"a0ab61b2-3f83-4d24-9d85-9fe2610f249f","level":"error","message":"[BOLT:SYSTEM] trace","service":"TICO","timestamp":"2026-03-26T22:26:18.661Z"}
{"environment":"development","executionId":"system","level":"error","message":"[BOLT:SYSTEM] [BOLT:FAIL] a0ab61b2-3f83-4d24-9d85-9fe2610f249f","phase":"ERROR","reason":"Error logged via generic interface.","service":"TICO","summary":"[BOLT:FAIL] a0ab61b2-3f83-4d24-9d85-9fe2610f249f","timestamp":"2026-03-26T22:26:18.674Z"}
{"environment":"development","executionId":"a188adc5-c8b7-45bd-9bf9-f7b45eb5d21c","level":"error","message":"[BOLT:SYSTEM] trace","service":"TICO","timestamp":"2026-03-26T22:41:54.904Z"}
{"environment":"development","executionId":"system","level":"error","message":"[BOLT:SYSTEM] [BOLT:FAIL] 39fef0b5-9043-4249-a78e-a422a60eafe0","phase":"ERROR","reason":"Error logged via generic interface.","service":"TICO","summary":"[BOLT:FAIL] 39fef0b5-9043-4249-a78e-a422a60eafe0","timestamp":"2026-03-26T22:52:50.490Z"}
{"environment":"development","executionId":"275cc93e-273e-44c2-84ef-802c741127d5","level":"error","message":"[BOLT:SYSTEM] trace","service":"TICO","timestamp":"2026-03-26T22:53:42.865Z"}
{"environment":"development","executionId":"system","level":"error","message":"[BOLT:SYSTEM] [BOLT:FAIL] 0ff41e3f-3118-4a21-ba0a-3be270e66c08","phase":"ERROR","reason":"Error logged via generic interface.","service":"TICO","summary":"[BOLT:FAIL] 0ff41e3f-3118-4a21-ba0a-3be270e66c08","timestamp":"2026-03-26T23:31:35.409Z"}
{"environment":"development","executionId":"system","level":"error","message":"[BOLT:SYSTEM] [BOLT:FAIL] 31b76768-0871-4a8e-be25-971e2792da47","phase":"ERROR","reason":"Error logged via generic interface.","service":"TICO","summary":"[BOLT:FAIL] 31b76768-0871-4a8e-be25-971e2792da47","timestamp":"2026-03-26T23:32:08.387Z"}
{"environment":"development","executionId":"6314d5a7-d5c8-4eee-b444-9676d7ce420e","level":"error","message":"[BOLT:SYSTEM] trace","service":"TICO","timestamp":"2026-03-26T23:33:15.272Z"}
{"environment":"development","executionId":"a3e367b4-8fd3-4f2b-b43a-6e2ae4d2a479","level":"error","message":"[BOLT:SYSTEM] trace","service":"TICO","timestamp":"2026-03-26T23:36:46.029Z"}
{"environment":"development","executionId":"11adab61-6374-4986-ae38-a1b2ae697c78","level":"error","message":"[BOLT:SYSTEM] trace","service":"TICO","timestamp":"2026-03-26T23:42:58.659Z"}
{"environment":"development","executionId":"system","level":"error","message":"[BOLT:SYSTEM] [BOLT:FAIL] 11adab61-6374-4986-ae38-a1b2ae697c78","phase":"ERROR","reason":"Error logged via generic interface.","service":"TICO","summary":"[BOLT:FAIL] 11adab61-6374-4986-ae38-a1b2ae697c78","timestamp":"2026-03-26T23:42:58.687Z"}
{"environment":"development","executionId":"05154da5-594c-4684-aafb-5a9adb3d217a","level":"error","message":"[BOLT:SYSTEM] trace","service":"TICO","timestamp":"2026-03-26T23:44:10.915Z"}
{"environment":"development","executionId":"b5c92b7a-a5d1-489a-a0b9-b733a5e9197b","level":"error","message":"[BOLT:SYSTEM] trace","service":"TICO","timestamp":"2026-03-26T23:46:19.573Z"}
{"environment":"development","executionId":"23f73ec9-d407-4575-a7d4-9ba7ff6da07b","level":"error","message":"[BOLT:SYSTEM] trace","service":"TICO","timestamp":"2026-03-26T23:47:46.136Z"}
{"environment":"development","executionId":"532d263f-9e2c-438c-a7e4-9da2f7d2c37e","level":"error","message":"[BOLT:SYSTEM] trace","service":"TICO","timestamp":"2026-03-26T23:49:24.976Z"}
{"environment":"development","executionId":"system","level":"error","message":"[BOLT:SYSTEM] [BOLT:FAIL] dace5a56-f126-42fc-b924-a74745a3f7a6","phase":"ERROR","reason":"Error logged via generic interface.","service":"TICO","summary":"[BOLT:FAIL] dace5a56-f126-42fc-b924-a74745a3f7a6","timestamp":"2026-03-26T23:59:27.377Z"}
{"environment":"development","executionId":"1d280afd-c745-4845-817b-aa044c322511","level":"error","message":"[BOLT:SYSTEM] trace","service":"TICO","timestamp":"2026-03-27T00:08:58.372Z"}
{"environment":"development","executionId":"system","level":"error","message":"[BOLT:SYSTEM] [BOLT:FAIL] 1d280afd-c745-4845-817b-aa044c322511","phase":"ERROR","reason":"Error logged via generic interface.","service":"TICO","summary":"[BOLT:FAIL] 1d280afd-c745-4845-817b-aa044c322511","timestamp":"2026-03-27T00:08:58.393Z"}
{"environment":"development","executionId":"603c647b-14a9-4e0a-8ad6-8c66d8b03f9e","level":"error","message":"[BOLT:SYSTEM] trace","service":"TICO","timestamp":"2026-03-27T00:10:08.741Z"}
